

 Initialising values of x variable to zero:

--------------Performing Iterative Solutions   ----------------------------------Duration
0.0001
Total iterations
11

##################### finished ########


 Initialising values of x variable to zero:

--------------Performing Iterative Solutions   ----------------------------------Duration
0.0004
Total iterations
20

##################### finished ########


 Initialising values of x variable to zero:

--------------Performing Iterative Solutions   ----------------------------------Duration
0.0013
Total iterations
34

##################### finished ########


 Initialising values of x variable to zero:

--------------Performing Iterative Solutions   ----------------------------------Duration
0.0038
Total iterations
57

##################### finished ########


 Initialising values of x variable to zero:

--------------Performing Iterative Solutions   ----------------------------------Duration
0.0096
Total iterations
94

##################### finished ########


 Initialising values of x variable to zero:

--------------Performing Iterative Solutions   ----------------------------------Duration
0.0211
Total iterations
146

##################### finished ########


 Initialising values of x variable to zero:

--------------Performing Iterative Solutions   ----------------------------------Duration
0.0421
Total iterations
214

##################### finished ########


 Initialising values of x variable to zero:

--------------Performing Iterative Solutions   ----------------------------------Duration
0.0744
Total iterations
292

##################### finished ########


 Initialising values of x variable to zero:

--------------Performing Iterative Solutions   ----------------------------------Duration
0.1208
Total iterations
377

##################### finished ########


 Initialising values of x variable to zero:

--------------Performing Iterative Solutions   ----------------------------------Duration
0.1780
Total iterations
452

##################### finished ########
